4 24
10 27
24 124
42 140
90 176
118 206
123 223
173 272
185 281
200 299
255 341
262 353
292 392
342 440
356 454
377 456
381 462
437 468
459 527
463 560
520 608
537 621
538 624
564 662
605 700
620 709
626 720
709 754
725 794
728 808
733 823
750 850
795 870
797 871
809 889
837 898
850 925
893 965
917 977
934 1027
942 1041
966 1043
983 1049
1010 1099
1043 1131
1081 1139
1082 1169
1095 1183
1117 1197
1139 1202
1143 1209
1154 1243
1173 1249
1176 1254
1178 1265
1195 1294
1221 1321
1247 1329
1248 1341
1249 1342
1267 1351
1283 1370
1296 1376
1321 1401
1369 1430
1375 1443
1386 1462
1427 1487
1478 1522
1503 1554
1505 1595
1512 1607
1539 1627
1559 1632
1578 1675
1585 1683
1604 1704
1618 1714
1662 1727
1680 1734
1687 1734
1690 1773
1731 1782
1732 1818
1745 1823
1749 1845
1805 1879
1819 1912
1839 1935
1862 1959
1870 1962
1890 1969
1921 1981
1933 2024
1933 1983
1955 2032
1972 2052
1985 2052
1988 2081
2000 2091
2009 2109
2044 2122
2050 2138
2091 2162
2101 2199
2114 2209
2137 2213
2144 2223
2164 2239
2167 2241
2182 2243
2190 2249
2195 2286
2215 2287
2251 2297
2262 2359
2268 2362
2299 2381
2334 2405
2341 2421
2384 2436
2404 2480
2419 2487
2427 2524
2465 2537
2491 2586
2524 2615
2571 2651
2595 2692
2616 2699
2626 2699
2631 2719
2702 2770
2702 2791
2743 2829
2749 2835
2754 2847
2771 2868
2775 2868
2829 2908
2848 2947
2862 2950
2865 2961
2889 2981
2918 2983
2924 2991
2925 3021
2925 3019
2962 3043
2993 3052
3007 3082
3041 3114
3042 3142
3103 3156
3108 3198
3135 3235
3158 3258
3170 3265
3191 3269
3206 3288
3211 3294
3217 3301
3218 3318
3249 3333
3251 3341
3287 3343
3292 3387
3317 3396
3325 3403
3345 3412
3388 3418
3391 3432
3403 3485
3432 3516
3436 3529
3472 3529
3480 3559
3499 3567
3507 3606
3571 3666
3580 3668
3591 3689
3613 3711
3625 3723
3639 3727
3666 3729
3680 3760
3687 3769
3703 3791
3708 3791
3711 3792
3721 3809
3749 3822
3762 3829
3766 3863
3819 3917
3841 3936
3842 3936
3862 3949
3874 3973
3904 3997
3917 4013
3934 4021
3952 4042
3961 4054
3985 4055
4011 4063
4029 4100
4070 4157
4124 4188
4126 4200
4146 4246
4193 4251
4194 4290
4194 4268
4194 4284
4213 4310
4248 4337
4253 4348
4276 4362
4308 4370
4313 4392
4341 4402
4365 4414
4368 4418
4379 4422
4380 4455
4384 4477
4388 4482
4389 4488
4427 4509
4436 4521
4454 4541
4473 4568
4511 4585
4529 4621
4533 4630
4543 4638
4567 4642
4572 4663
4614 4675
4653 4715
4679 4716
4696 4737
4713 4794
4723 4796
4742 4797
4750 4841
4756 4856
4787 4876
4790 4884
4810 4901
4871 4950
4908 5007
4960 5013
4963 5037
4976 5046
4984 5072
4991 5086
5000 5093
5011 5103
5022 5117
5065 5142
5068 5150
5092 5151
5098 5186
5099 5193
5126 5198
5147 5241
5187 5269
5187 5258
5226 5303
5238 5334
5258 5346
5291 5377
5291 5365
5307 5384
5314 5410
5341 5415
5370 5462
5390 5477
5398 5496
5410 5508
5435 5526
5440 5532
5457 5539
5496 5565
5528 5565
5534 5614
5563 5618
5572 5657
5586 5677
5606 5689
5649 5701
5675 5768
5684 5779
5701 5798
5726 5818
5748 5828
5752 5831
5755 5852
5791 5853
5810 5893
5846 5936
5848 5948
5901 5981
5903 5992
5918 6004
5937 6023
5947 6039
5958 6053
5969 6056
5969 6065
6019 6077
6019 6097
6042 6106
6049 6125
6071 6158
6072 6158
6116 6214
6126 6222
6149 6231
6156 6235
6158 6257
6178 6257
6203 6295
6251 6336
6294 6338
6314 6364
6318 6374
6321 6388
6337 6394
6347 6426
6382 6472
6390 6479
6399 6498
6437 6499
6449 6534
6464 6534
6489 6551
6516 6580
6530 6612
6532 6615
6553 6637
6558 6647
6582 6680
6621 6700
6642 6725
6657 6738
6702 6777
6727 6822
6727 6785
6811 6872
6818 6872
6821 6900
6844 6914
6855 6943
6878 6946
6905 6966
6924 6969
6926 6988
6931 7026
6953 7036
6978 7051
6982 7065
6991 7091
7029 7127
7082 7146
7102 7196
7128 7199
7132 7200
7139 7223
7147 7225
7161 7229
7175 7258
7196 7292
7244 7312
7272 7346
7298 7384
7337 7429
7352 7434
7380 7454
7388 7460
7401 7475
7425 7491
7435 7499
7443 7514
7451 7549
7477 7571
7508 7599
7538 7626
7538 7634
7569 7635
7595 7652
7605 7671
7638 7703
7649 7712
7658 7728
7671 7746
7674 7753
7703 7787
7707 7788
7730 7803
7735 7818
7745 7822
7759 7833
7786 7879
7813 7909
7821 7910
7848 7912
7849 7943
7850 7948
7893 7961
7896 7993
7915 8001
7933 8017
7987 8050
7995 8059
7996 8062
8000 8084
8029 8093
8041 8126
8049 8137
8057 8148
8059 8156
8076 8169
8084 8183
8140 8187
8143 8196
8151 8201
8159 8214
8171 8271
8216 8281
8246 8336
8283 8381
8297 8397
8312 8410
8369 8451
8416 8489
8421 8494
8435 8497
8453 8541
8454 8551
8478 8573
8501 8601
8538 8609
8561 8621
8567 8659
8590 8668
8591 8679
8598 8688
8633 8718
8634 8728
8654 8739
8655 8742
8666 8759
8708 8800
8718 8805
8758 8828
8766 8832
8787 8866
8828 8902
8840 8930
8885 8940
8910 8981
8927 9006
8948 9036
8994 9086
9014 9097
9015 9107
9019 9110
9038 9124
9063 9131
9069 9152
9077 9173
9103 9193
9121 9209
9132 9217
9176 9254
9177 9258
9220 9260
9221 9303
9243 9325
9257 9327
9301 9333
9304 9403
9345 9428
9350 9433
9365 9441
9410 9445
9410 9452
9413 9493
9413 9461
9467 9513
9469 9525
9477 9546
9485 9552
9489 9565
9519 9618
9567 9618
9571 9645
9584 9673
9588 9673
9600 9676
9621 9715
9641 9740
9664 9741
9670 9747
9707 9806
9753 9813
9759 9818
9763 9855
9785 9881
9805 9900
9808 9907
9834 9908
9839 9921
9858 9925
9876 9946
9890 9985
9915 9999
9937 10008
9943 10040
9946 10043
9967 10048
9979 10053
9986 10082
9994 10085
10013 10104
10059 10110
10064 10142
10083 10149
10084 10180
10124 10223
10146 10229
10178 10256
10188 10264
10195 10268
10200 10276
10215 10306
10220 10311
10236 10318
10262 10330
10274 10347
10280 10370
10326 10424
10352 10449
10370 10453
10406 10494
10437 10527
10462 10544
10464 10559
10520 10583
10530 10621
10551 10630
10584 10668
10619 10690
10632 10707
10667 10707
10676 10750
10687 10763
10690 10764
10705 10780
10719 10805
10750 10840
10792 10847
10797 10874
10828 10884
10832 10927
10904 10934
10919 10994
10945 11002
10972 11009
10983 11047
11014 11087
11040 11093
11046 11123
11083 11169
11110 11189
11123 11200
11126 11221
11146 11234
11158 11250
11198 11269
11211 11272
11242 11282
11261 11358
11285 11375
11312 11407
11326 11423
11356 11439
11388 11452
11399 11471
11403 11490
11452 11532
11478 11565
11481 11577
11542 11640
11594 11669
11611 11711
11651 11739
11688 11741
11689 11782
11689 11747
11711 11787
11718 11788
11721 11817
11753 11845
11753 11848
11777 11860
11790 11866
11811 11888
11831 11911
11850 11929
11875 11934
11884 11951
11905 11966
11921 11968
11932 12001
11950 12003
11959 12012
11962 12012
11979 12013
11985 12056
11990 12061
12015 12107
12086 12175
12114 12185
12120 12187
12122 12210
12123 12219
12137 12222
12177 12254
12204 12292
12210 12294
12217 12306
12249 12316
12263 12349
12272 12360
12295 12394
12347 12422
12376 12425
12407 12506
12434 12527
12440 12534
12442 12534
12480 12541
12495 12556
12506 12580
12507 12582
12510 12585
12521 12613
12529 12619
12552 12639
12558 12647
12601 12695
12603 12697
12637 12734
12656 12742
12657 12754
12677 12756
12709 12799
12717 12808
12739 12837
12812 12838
12816 12869
12837 12913
12859 12924
12868 12930
12872 12952
12873 12957
12880 12964
12944 13011
12944 13011
12954 13048
12964 13063
13010 13078
13019 13084
13036 13089
13038 13106
13048 13108
13055 13119
13060 13144
13075 13154
13092 13167
13102 13174
13117 13183
13131 13193
13148 13229
13181 13274
13211 13293
13254 13294
13258 13295
13265 13359
13272 13363
13301 13366
13304 13396
13307 13402
13334 13426
13343 13427
13383 13483
13395 13486
13398 13488
13406 13489
13409 13509
13443 13540
13456 13546
13460 13557
13497 13577
13502 13588
13503 13589
13505 13591
13524 13597
13550 13600
13555 13643
13629 13707
13658 13752
13687 13767
13701 13786
13739 13796
13750 13810
13751 13839
13751 13811
13762 13839
13773 13856
13774 13871
13812 13872
13821 13912
13870 13939
13889 13962
13897 13985
13917 13986
13924 14017
13931 14021
13958 14044
13967 14066
13998 14081
14018 14095
14022 14097
14026 14125
14074 14138
14080 14161
14092 14182
14126 14225
14155 14245
14189 14273
14197 14281
14202 14296
14242 14326
14264 14330
14282 14345
14334 14369
14336 14374
14344 14390
14346 14438
14407 14443
14419 14476
14430 14490
14449 14548
14484 14568
14509 14579
14517 14616
14563 14625
14576 14647
14578 14671
14583 14677
14608 14696
14619 14699
14640 14709
14648 14729
14660 14742
14673 14767
14712 14787
14726 14826
14767 14849
14785 14881
14824 14904
14830 14922
14854 14931
14854 14927
14860 14958
14862 14959
14898 14993
14937 14994
14951 15048
14987 15069
15027 15111
15037 15122
15071 15146
15075 15149
15089 15166
15097 15196
15133 15223
15157 15254
15198 15280
15215 15298
15266 15365
15282 15374
15287 15378
15296 15378
15320 15396
15351 15424
15358 15426
15362 15461
15405 15485
15422 15513
15443 15519
15463 15560
15474 15568
15494 15584
15514 15594
15534 15604
15535 15633
15557 15641
15561 15647
15575 15667
15595 15681
15632 15725
15690 15782
15690 15785
15707 15798
15725 15816
15747 15840
15751 15844
15791 15845
15795 15889
15808 15898
15834 15915
15854 15922
15854 15950
15865 15965
15876 15973
15906 16005
15954 16039
15986 16082
16030 16119
16030 16121
16084 16130
16089 16181
16155 16196
16163 16224
16172 16251
16189 16260
16189 16288
16242 16294
16251 16327
16260 16329
16279 16339
16291 16351
16309 16400
16321 16400
16335 16417
16374 16465
16403 16492
16411 16503
16446 16528
16496 16591
16501 16599
16524 16621
16541 16625
16573 16631
16586 16669
16620 16693
16645 16742
16679 16766
16693 16769
16706 16773
16721 16779
16745 16788
16763 16832
16775 16854
16786 16877
16810 16878
16823 16905
16840 16907
16893 16952
16902 16968
16910 16991
16977 17032
16985 17071
16987 17082
17015 17104
17058 17111
17087 17147
17110 17208
17134 17230
17160 17240
17198 17252
17211 17265
17240 17316
17244 17341
17282 17373
17312 17374
17320 17420
17350 17443
17382 17448
17390 17476
17405 17484
17435 17530
17464 17553
17502 17599
17514 17605
17548 17644
17583 17662
17587 17682
17610 17696
17624 17698
17648 17741
17685 17764
17690 17768
17703 17768
17723 17812
17741 17815
17750 17826
17766 17826
17775 17836
17786 17849
17789 17851
17820 17865
17823 17875
17824 17899
17824 17920
17828 17920
17895 17988
17902 18000
17944 18009
17945 18036
17961 18058
18005 18087
18024 18109
18032 18118
18035 18129
18070 18162
18083 18174
18105 18197
18139 18203
18148 18228
18156 18235
18161 18250
18187 18283
18227 18303
18278 18321
18279 18371
18285 18383
18345 18391
18366 18437
18376 18461
18380 18463
18388 18464
18410 18480
18440 18484
18474 18554
18481 18556
18486 18561
18515 18609
18520 18610
18524 18612
18547 18627
18572 18669
18572 18652
18584 18680
18616 18686
18626 18709
18645 18727
18660 18746
18688 18768
18703 18796
18723 18798
18747 18804
18756 18820
18792 18888
18794 18889
18801 18895
18866 18903
18888 18955
18890 18978
18928 18999
18960 19013
18987 19080
19007 19086
19027 19118
19041 19138
19041 19136
19091 19156
19119 19169
19138 19227
19163 19236
19185 19276
19216 19279
19221 19291
19240 19297
19243 19297
19249 19347
19282 19355
19285 19371
19291 19385
19302 19388
19340 19407
19354 19408
19365 19412
19375 19465
19425 19519
19452 19543
19504 19604
19521 19618
19533 19620
19539 19623
19559 19644
19559 19636
19612 19654
19619 19712
19632 19719
19641 19722
19650 19731
19664 19762
19688 19762
19693 19789
19732 19821
19739 19837
19767 19847
19771 19852
19783 19879
19801 19897
19813 19908
19858 19930
19864 19930
19872 19953
19909 19962
19922 20011
19966 20042
19995 20050
20008 20092
20015 20105
20042 20139
20043 20139
20078 20143
20099 20175
20102 20181
20114 20198
20128 20211
20164 20226
20191 20244
20193 20256
20196 20270
20207 20273
20209 20298
20209 20294
20263 20343
20282 20356
20286 20373
20286 20378
20305 20392
20316 20409
20354 20420
20362 20462
20414 20494
20419 20495
20420 20502
20434 20532
20489 20567
20506 20597
20536 20614
20570 20655
20604 20656
20626 20673
20634 20697
20650 20739
20659 20745
20695 20751
20701 20772
20714 20797
20733 20828
20746 20843
20758 20851
20779 20863
20791 20874
20800 20880
20804 20898
20852 20949
20881 20964
20894 20966
20929 21025
20959 21057
21006 21078
21014 21114
21030 21119
21042 21127
21059 21155
21095 21160
21099 21189
21109 21209
21120 21217
21142 21238
21149 21243
21192 21279
21206 21292
21227 21304
21235 21318
21257 21334
21258 21358
21275 21366
21283 21383
21318 21390
21323 21403
21363 21459
21368 21463
21408 21472
21414 21473
21414 21475
21418 21498
21477 21505
21491 21530
21493 21573
21500 21574
21524 21589
21528 21609
21531 21613
21538 21629
21584 21653
21605 21703
21605 21693
21619 21716
21666 21726
21689 21780
21700 21788
21711 21794
21798 21861
21799 21886
21816 21900
21826 21917
21850 21919
21852 21929
21874 21937
21883 21938
21885 21956
21891 21990
21916 22012
21934 22025
21938 22026
21948 22040
21950 22042
21959 22054
21992 22067
22011 22091
22018 22102
22050 22107
22055 22107
22066 22131
22069 22167
22102 22178
22115 22194
22121 22206
22125 22207
22135 22232
22185 22274
22194 22285
22220 22297
22230 22326
22253 22340
22262 22357
22292 22358
22295 22380
22303 22396
22343 22417
22346 22435
22383 22444
22386 22480
22405 22504
22451 22506
22463 22555
22493 22567
22500 22599
22515 22615
22534 22622
22561 22631
22564 22645
22591 22688
22616 22702
22625 22707
22631 22725
22634 22730
22673 22745
22703 22784
22751 22832
22763 22838
22769 22845
22784 22865
22821 22883
22824 22911
22855 22938
22897 22956
22953 22963
22954 22968
22966 22970
22978 23025
22998 23075
23001 23081
23002 23092
23015 23111
23027 23126
23046 23127
23053 23129
23091 23141
23092 23167
23122 23192
23127 23200
23128 23222
23152 23251
23181 23260
23203 23285
23237 23302
23245 23326
23253 23327
23266 23338
23288 23374
23302 23384
23309 23398
23342 23413
23343 23425
23373 23455
23381 23462
23416 23470
23423 23474
23424 23483
23428 23501
23451 23544
23471 23548
23509 23599
23535 23629
23542 23634
23585 23673
23602 23689
23607 23693
23614 23702
23644 23729
23660 23760
23699 23797
23727 23814
23748 23830
23805 23830
23808 23854
23812 23879
23814 23889
23828 23916
23834 23921
23871 23927
23876 23933
23885 23976
23897 23990
23933 24032
23995 24036
23995 24088
24029 24122
24094 24150
24119 24207
24125 24209
24133 24213
24153 24229
24155 24239
24158 24256
24209 24274
24223 24284
24225 24307
24226 24307
24246 24308
24258 24333
24258 24322
24263 24345
24282 24375
24309 24409
24349 24409
24415 24496
24444 24540
24461 24553
24514 24613
24540 24619
24546 24640
24573 24672
24587 24677
24623 24723
24653 24732
24672 24765
24709 24809
24755 24836
24764 24854
24774 24866
24794 24888
24805 24905
24811 24905
24855 24917
24885 24980
24941 24985
24952 25001
24961 25043
24985 25072
24997 25086
25014 25095
25022 25096
25025 25106
25076 25159
25084 25170
25107 25204
25142 25223
25167 25251
25179 25264
25179 25255
25196 25276
25199 25285
25217 25303
25224 25316
25228 25318
25252 25329
25257 25348
25257 25329
25276 25358
25306 25364
25325 25418
25342 25442
25388 25467
25397 25492
25447 25525
25454 25541
25460 25552
25474 25561
25480 25572
25506 25583
25526 25614
25569 25665
25584 25675
25598 25679
25613 25700
25622 25706
25622 25716
25660 25741
25667 25758
25691 25760
25698 25781
25715 25797
25736 25812
25766 25838
25767 25846
25776 25876
25776 25859
25829 25906
25841 25912
25854 25916
25876 25967
25894 25993
25943 26040
25945 26044
25964 26064
25984 26066
25992 26077
26009 26087
26021 26119
26035 26124
26046 26125
26047 26145
26057 26152
26057 26155
26062 26160
26144 26166
26145 26235
26159 26258
26188 26272
26192 26282
26207 26290
26214 26300
26275 26304
26276 26312
26276 26318
26284 26365
26316 26412
26343 26433
26360 26434
26407 26476
26410 26498
26454 26538
26475 26572
26498 26595
26518 26595
26540 26606
26557 26639
26568 26661
26576 26665
26600 26683
26603 26700
26632 26718
26637 26722
26662 26741
26679 26751
26697 26786
26726 26820
26761 26860
26782 26871
26793 26890
26825 26913
26848 26924
26872 26928
26889 26936
26889 26947
26892 26952
26900 26995
26937 27000
26941 27008
26966 27016
26967 27056
26985 27073
26995 27095
27006 27096
27019 27108
27022 27112
27024 27124
27069 27156
27126 27222
27145 27228
27147 27229
27161 27229
27167 27262
27208 27283
27208 27293
27212 27293
27223 27314
27269 27345
27313 27376
27317 27406
27349 27446
27376 27463
27391 27491
27423 27498
27438 27516
27441 27534
27482 27576
27541 27586
27564 27613
27564 27593
27568 27662
27599 27685
27619 27711
27651 27712
27660 27731
27661 27736
27674 27756
27713 27780
27714 27781
27721 27791
27722 27819
27751 27827
27762 27855
27787 27887
27810 27894
27834 27894
27842 27921
27851 27938
27869 27959
27891 27964
27895 27969
27898 27981
27934 27999
27948 28027
27993 28041
28000 28047
28011 28086
28038 28088
28047 28131
28107 28149
28115 28203
28123 28214
28145 28225
28197 28243
28200 28259
28207 28304
28221 28312
28224 28317
28229 28325
28254 28337
28260 28353
28271 28363
28286 28382
28333 28432
28365 28455
28374 28463
28409 28468
28412 28491
28442 28500
28455 28532
28483 28578
28483 28551
28494 28592
28512 28606
28530 28618
28544 28631
28564 28645
28579 28672
28637 28677
28656 28746
28667 28764
28673 28768
28675 28774
28713 28802
28743 28804
28778 28856
28779 28863
28809 28882
28813 28901
28817 28916
28876 28934
28896 28971
28899 28974
28905 29003
28927 29021
28940 29025
28958 29041
28965 29051
28965 29041
29018 29053
29028 29097
29036 29109
29071 29137
29090 29154
29125 29204
29131 29224
29147 29240
29208 29282
29222 29305
29245 29337
29263 29338
29273 29360
29287 29368
29288 29371
29304 29372
29318 29407
29342 29434
29349 29443
29391 29457
29408 29495
29424 29495
29426 29509
29458 29543
29467 29552
29497 29579
29501 29580
29536 29628
29553 29640
29579 29671
29579 29646
29628 29690
29629 29708
29644 29731
29660 29758
29681 29758
29700 29761
29704 29793
29712 29810
29728 29828
29756 29830
29765 29859
29776 29862
29793 29879
29832 29899
29833 29928
29872 29946
29884 29950
29886 29959
29907 29984
29916 30016
29949 30025
29977 30055
30005 30069
30046 30106
30054 30149
30064 30149
30075 30152
30104 30177
30132 30203
30133 30233
30185 30249
30185 30253
30222 30302
30251 30333
30270 30335
30281 30362
30283 30376
30284 30382
30304 30398
30322 30419
30369 30461
30376 30471
30413 30513
30465 30551
30516 30582
30519 30614
30566 30615
30567 30653
30625 30672
30629 30692
30634 30726
30645 30728
30646 30731
30657 30746
30692 30774
30692 30761
30734 30823
30741 30836
30759 30846
30761 30848
30764 30848
30792 30857
30801 30894
30802 30901
30815 30906
30885 30923
30892 30938
30911 30969
30940 31009
30973 31043
31003 31084
31011 31099
31035 31135
31050 31138
31064 31143
31100 31174
31128 31213
31162 31235
31169 31256
31203 31274
31207 31298
31228 31306
31240 31314
31265 31335
31286 31349
31301 31384
31313 31396
31339 31396
31348 31436
31402 31480
31412 31502
31417 31510
31458 31541
31485 31575
31506 31599
31523 31616
31542 31616
31550 31620
31562 31634
31564 31636
31565 31643
31616 31692
31646 31720
31648 31732
31700 31733
31706 31785
31744 31785
31751 31817
31761 31830
31775 31863
31793 31890
31850 31896
31853 31933
31885 31966
31914 31994
12435 26
